2024-01-20 20:33:52,185 p=58468 u=asoldatov n=ansible | loadbalancing | SUCCESS => {
    "ansible_facts": {
        "discovered_interpreter_python": "/usr/bin/python3"
    },
    "changed": false,
    "ping": "pong"
}
2024-01-20 20:33:52,233 p=58468 u=asoldatov n=ansible | app1 | SUCCESS => {
    "ansible_facts": {
        "discovered_interpreter_python": "/usr/bin/python3"
    },
    "changed": false,
    "ping": "pong"
}
2024-01-20 20:33:52,245 p=58468 u=asoldatov n=ansible | app2 | SUCCESS => {
    "ansible_facts": {
        "discovered_interpreter_python": "/usr/bin/python3"
    },
    "changed": false,
    "ping": "pong"
}
2024-01-20 20:34:00,941 p=58515 u=asoldatov n=ansible | loadbalancing | SUCCESS => {
    "ansible_facts": {
        "discovered_interpreter_python": "/usr/bin/python3"
    },
    "changed": false,
    "ping": "pong"
}
2024-01-20 20:34:00,959 p=58515 u=asoldatov n=ansible | app2 | SUCCESS => {
    "ansible_facts": {
        "discovered_interpreter_python": "/usr/bin/python3"
    },
    "changed": false,
    "ping": "pong"
}
2024-01-20 20:34:00,971 p=58515 u=asoldatov n=ansible | app1 | SUCCESS => {
    "ansible_facts": {
        "discovered_interpreter_python": "/usr/bin/python3"
    },
    "changed": false,
    "ping": "pong"
}
2024-01-20 20:37:18,579 p=58625 u=asoldatov n=ansible | PLAY [Firs lesson] *****************************************************************************************
2024-01-20 20:37:18,585 p=58625 u=asoldatov n=ansible | TASK [Gathering Facts] *************************************************************************************
2024-01-20 20:37:22,176 p=58625 u=asoldatov n=ansible | ok: [app1]
2024-01-20 20:37:22,246 p=58625 u=asoldatov n=ansible | ok: [app2]
2024-01-20 20:37:22,258 p=58625 u=asoldatov n=ansible | TASK [pwd to file] *****************************************************************************************
2024-01-20 20:37:23,569 p=58625 u=asoldatov n=ansible | changed: [app1]
2024-01-20 20:37:23,569 p=58625 u=asoldatov n=ansible | changed: [app2]
2024-01-20 20:37:23,592 p=58625 u=asoldatov n=ansible | PLAY RECAP *************************************************************************************************
2024-01-20 20:37:23,592 p=58625 u=asoldatov n=ansible | app1                       : ok=2    changed=1    unreachable=0    failed=0    skipped=0    rescued=0    ignored=0   
2024-01-20 20:37:23,593 p=58625 u=asoldatov n=ansible | app2                       : ok=2    changed=1    unreachable=0    failed=0    skipped=0    rescued=0    ignored=0   
2024-01-20 20:51:06,447 p=58998 u=asoldatov n=ansible | PLAY [lb] ****************************************************************************************************
2024-01-20 20:51:06,452 p=58998 u=asoldatov n=ansible | TASK [Gathering Facts] ***************************************************************************************
2024-01-20 20:51:08,945 p=58998 u=asoldatov n=ansible | ok: [loadbalancing]
2024-01-20 20:51:08,954 p=58998 u=asoldatov n=ansible | TASK [nginx : Install Nginx] *********************************************************************************
2024-01-20 20:51:10,802 p=58998 u=asoldatov n=ansible | fatal: [loadbalancing]: FAILED! => {"cache_update_time": 1705092199, "cache_updated": false, "changed": false, "msg": "'/usr/bin/apt-get -y -o \"Dpkg::Options::=--force-confdef\" -o \"Dpkg::Options::=--force-confold\"       install 'nginx=1.18.0-6ubuntu14.4'' failed: E: Could not open lock file /var/lib/dpkg/lock-frontend - open (13: Permission denied)\nE: Unable to acquire the dpkg frontend lock (/var/lib/dpkg/lock-frontend), are you root?\n", "rc": 100, "stderr": "E: Could not open lock file /var/lib/dpkg/lock-frontend - open (13: Permission denied)\nE: Unable to acquire the dpkg frontend lock (/var/lib/dpkg/lock-frontend), are you root?\n", "stderr_lines": ["E: Could not open lock file /var/lib/dpkg/lock-frontend - open (13: Permission denied)", "E: Unable to acquire the dpkg frontend lock (/var/lib/dpkg/lock-frontend), are you root?"], "stdout": "", "stdout_lines": []}
2024-01-20 20:51:10,804 p=58998 u=asoldatov n=ansible | PLAY RECAP ***************************************************************************************************
2024-01-20 20:51:10,804 p=58998 u=asoldatov n=ansible | loadbalancing              : ok=1    changed=0    unreachable=0    failed=1    skipped=0    rescued=0    ignored=0   
2024-01-20 20:53:46,624 p=59194 u=asoldatov n=ansible | PLAY [lb] *************************************************************************************************************************************************************
2024-01-20 20:53:46,632 p=59194 u=asoldatov n=ansible | TASK [Gathering Facts] ************************************************************************************************************************************************
2024-01-20 20:53:49,986 p=59194 u=asoldatov n=ansible | ok: [loadbalancing]
2024-01-20 20:53:49,993 p=59194 u=asoldatov n=ansible | TASK [nginx : Install Nginx] ******************************************************************************************************************************************
2024-01-20 20:53:51,653 p=59194 u=asoldatov n=ansible | fatal: [loadbalancing]: FAILED! => {"cache_update_time": 1705773207, "cache_updated": false, "changed": false, "msg": "'/usr/bin/apt-get -y -o \"Dpkg::Options::=--force-confdef\" -o \"Dpkg::Options::=--force-confold\"       install 'nginx=1.18.0-6ubuntu14.4'' failed: E: Could not open lock file /var/lib/dpkg/lock-frontend - open (13: Permission denied)\nE: Unable to acquire the dpkg frontend lock (/var/lib/dpkg/lock-frontend), are you root?\n", "rc": 100, "stderr": "E: Could not open lock file /var/lib/dpkg/lock-frontend - open (13: Permission denied)\nE: Unable to acquire the dpkg frontend lock (/var/lib/dpkg/lock-frontend), are you root?\n", "stderr_lines": ["E: Could not open lock file /var/lib/dpkg/lock-frontend - open (13: Permission denied)", "E: Unable to acquire the dpkg frontend lock (/var/lib/dpkg/lock-frontend), are you root?"], "stdout": "", "stdout_lines": []}
2024-01-20 20:53:51,654 p=59194 u=asoldatov n=ansible | PLAY RECAP ************************************************************************************************************************************************************
2024-01-20 20:53:51,654 p=59194 u=asoldatov n=ansible | loadbalancing              : ok=1    changed=0    unreachable=0    failed=1    skipped=0    rescued=0    ignored=0   
2024-01-20 20:56:42,054 p=59342 u=asoldatov n=ansible | PLAY [lb] *************************************************************************************************************************************************************
2024-01-20 20:56:42,060 p=59342 u=asoldatov n=ansible | TASK [Gathering Facts] ************************************************************************************************************************************************
2024-01-20 20:56:44,314 p=59342 u=asoldatov n=ansible | ok: [loadbalancing]
2024-01-20 20:56:44,323 p=59342 u=asoldatov n=ansible | TASK [nginx : Install Nginx] ******************************************************************************************************************************************
2024-01-20 20:56:45,715 p=59342 u=asoldatov n=ansible | fatal: [loadbalancing]: FAILED! => {"cache_update_time": 1705773207, "cache_updated": false, "changed": false, "msg": "'/usr/bin/apt-get -y -o \"Dpkg::Options::=--force-confdef\" -o \"Dpkg::Options::=--force-confold\"       install 'nginx=1.18.0-6ubuntu14.4'' failed: E: Could not open lock file /var/lib/dpkg/lock-frontend - open (13: Permission denied)\nE: Unable to acquire the dpkg frontend lock (/var/lib/dpkg/lock-frontend), are you root?\n", "rc": 100, "stderr": "E: Could not open lock file /var/lib/dpkg/lock-frontend - open (13: Permission denied)\nE: Unable to acquire the dpkg frontend lock (/var/lib/dpkg/lock-frontend), are you root?\n", "stderr_lines": ["E: Could not open lock file /var/lib/dpkg/lock-frontend - open (13: Permission denied)", "E: Unable to acquire the dpkg frontend lock (/var/lib/dpkg/lock-frontend), are you root?"], "stdout": "", "stdout_lines": []}
2024-01-20 20:56:45,717 p=59342 u=asoldatov n=ansible | PLAY RECAP ************************************************************************************************************************************************************
2024-01-20 20:56:45,717 p=59342 u=asoldatov n=ansible | loadbalancing              : ok=1    changed=0    unreachable=0    failed=1    skipped=0    rescued=0    ignored=0   
2024-01-20 20:57:09,864 p=59376 u=asoldatov n=ansible | PLAY [lb] *************************************************************************************************************************************************************
2024-01-20 20:57:09,868 p=59376 u=asoldatov n=ansible | TASK [Gathering Facts] ************************************************************************************************************************************************
2024-01-20 20:57:12,001 p=59376 u=asoldatov n=ansible | ok: [loadbalancing]
2024-01-20 20:57:12,010 p=59376 u=asoldatov n=ansible | TASK [nginx : Install Nginx] ******************************************************************************************************************************************
2024-01-20 20:57:13,712 p=59376 u=asoldatov n=ansible | fatal: [loadbalancing]: FAILED! => {"cache_update_time": 1705773207, "cache_updated": false, "changed": false, "msg": "'/usr/bin/apt-get -y -o \"Dpkg::Options::=--force-confdef\" -o \"Dpkg::Options::=--force-confold\"       install 'nginx=1.18.0-6ubuntu14.4'' failed: E: Could not open lock file /var/lib/dpkg/lock-frontend - open (13: Permission denied)\nE: Unable to acquire the dpkg frontend lock (/var/lib/dpkg/lock-frontend), are you root?\n", "rc": 100, "stderr": "E: Could not open lock file /var/lib/dpkg/lock-frontend - open (13: Permission denied)\nE: Unable to acquire the dpkg frontend lock (/var/lib/dpkg/lock-frontend), are you root?\n", "stderr_lines": ["E: Could not open lock file /var/lib/dpkg/lock-frontend - open (13: Permission denied)", "E: Unable to acquire the dpkg frontend lock (/var/lib/dpkg/lock-frontend), are you root?"], "stdout": "", "stdout_lines": []}
2024-01-20 20:57:13,714 p=59376 u=asoldatov n=ansible | PLAY RECAP ************************************************************************************************************************************************************
2024-01-20 20:57:13,714 p=59376 u=asoldatov n=ansible | loadbalancing              : ok=1    changed=0    unreachable=0    failed=1    skipped=0    rescued=0    ignored=0   
2024-01-20 20:57:48,050 p=59402 u=asoldatov n=ansible | PLAY [lb] *************************************************************************************************************************************************************
2024-01-20 20:57:48,055 p=59402 u=asoldatov n=ansible | TASK [Gathering Facts] ************************************************************************************************************************************************
2024-01-20 20:57:49,843 p=59402 u=asoldatov n=ansible | ok: [loadbalancing]
2024-01-20 20:57:49,851 p=59402 u=asoldatov n=ansible | TASK [nginx : Install Nginx] ******************************************************************************************************************************************
2024-01-20 20:57:51,260 p=59402 u=asoldatov n=ansible | fatal: [loadbalancing]: FAILED! => {"cache_update_time": 1705773207, "cache_updated": false, "changed": false, "msg": "'/usr/bin/apt-get -y -o \"Dpkg::Options::=--force-confdef\" -o \"Dpkg::Options::=--force-confold\"       install 'nginx=1.18.0-6ubuntu14.4'' failed: E: Could not open lock file /var/lib/dpkg/lock-frontend - open (13: Permission denied)\nE: Unable to acquire the dpkg frontend lock (/var/lib/dpkg/lock-frontend), are you root?\n", "rc": 100, "stderr": "E: Could not open lock file /var/lib/dpkg/lock-frontend - open (13: Permission denied)\nE: Unable to acquire the dpkg frontend lock (/var/lib/dpkg/lock-frontend), are you root?\n", "stderr_lines": ["E: Could not open lock file /var/lib/dpkg/lock-frontend - open (13: Permission denied)", "E: Unable to acquire the dpkg frontend lock (/var/lib/dpkg/lock-frontend), are you root?"], "stdout": "", "stdout_lines": []}
2024-01-20 20:57:51,261 p=59402 u=asoldatov n=ansible | PLAY RECAP ************************************************************************************************************************************************************
2024-01-20 20:57:51,261 p=59402 u=asoldatov n=ansible | loadbalancing              : ok=1    changed=0    unreachable=0    failed=1    skipped=0    rescued=0    ignored=0   
2024-01-20 20:58:38,379 p=59442 u=asoldatov n=ansible | PLAY [lb] *************************************************************************************************************************************************************
2024-01-20 20:58:38,385 p=59442 u=asoldatov n=ansible | TASK [Gathering Facts] ************************************************************************************************************************************************
2024-01-20 20:58:40,586 p=59442 u=asoldatov n=ansible | ok: [loadbalancing]
2024-01-20 20:58:40,594 p=59442 u=asoldatov n=ansible | TASK [nginx : Install Nginx] ******************************************************************************************************************************************
2024-01-20 20:58:41,945 p=59442 u=asoldatov n=ansible | fatal: [loadbalancing]: FAILED! => {"cache_update_time": 1705773207, "cache_updated": false, "changed": false, "msg": "'/usr/bin/apt-get -y -o \"Dpkg::Options::=--force-confdef\" -o \"Dpkg::Options::=--force-confold\"       install 'nginx=1.18.0-6ubuntu14.4'' failed: E: Could not open lock file /var/lib/dpkg/lock-frontend - open (13: Permission denied)\nE: Unable to acquire the dpkg frontend lock (/var/lib/dpkg/lock-frontend), are you root?\n", "rc": 100, "stderr": "E: Could not open lock file /var/lib/dpkg/lock-frontend - open (13: Permission denied)\nE: Unable to acquire the dpkg frontend lock (/var/lib/dpkg/lock-frontend), are you root?\n", "stderr_lines": ["E: Could not open lock file /var/lib/dpkg/lock-frontend - open (13: Permission denied)", "E: Unable to acquire the dpkg frontend lock (/var/lib/dpkg/lock-frontend), are you root?"], "stdout": "", "stdout_lines": []}
2024-01-20 20:58:41,946 p=59442 u=asoldatov n=ansible | PLAY RECAP ************************************************************************************************************************************************************
2024-01-20 20:58:41,947 p=59442 u=asoldatov n=ansible | loadbalancing              : ok=1    changed=0    unreachable=0    failed=1    skipped=0    rescued=0    ignored=0   
2024-01-20 21:00:20,625 p=59494 u=asoldatov n=ansible | ERROR! We were unable to read either as JSON nor YAML, these are the errors we got from each:
JSON: Expecting value: line 1 column 1 (char 0)

Syntax Error while loading YAML.
  could not find expected ':'

The error appears to be in '/Users/asoldatov/ansible/roles/nginx/tasks/main.yml': line 5, column 1, but may
be elsewhere in the file depending on the exact syntax problem.

The offending line appears to be:

- name: Install Nginx
  ls >> ls.txt
^ here

2024-01-20 21:00:37,030 p=59500 u=asoldatov n=ansible | ERROR! no module/action detected in task.

The error appears to be in '/Users/asoldatov/ansible/roles/nginx/tasks/main.yml': line 2, column 3, but may
be elsewhere in the file depending on the exact syntax problem.

The offending line appears to be:

---
- name: Install Nginx
  ^ here

2024-01-20 21:04:43,990 p=59605 u=asoldatov n=ansible | PLAY [lb] *************************************************************************************************************************************************************
2024-01-20 21:04:43,996 p=59605 u=asoldatov n=ansible | TASK [Gathering Facts] ************************************************************************************************************************************************
2024-01-20 21:04:46,495 p=59605 u=asoldatov n=ansible | ok: [loadbalancing]
2024-01-20 21:04:46,503 p=59605 u=asoldatov n=ansible | TASK [nginx : Install Nginx] ******************************************************************************************************************************************
2024-01-20 21:05:17,976 p=59605 u=asoldatov n=ansible | ERROR! The requested handler 'nginx systemd' was not found in either the main handlers list nor in the listening handlers list
2024-01-20 21:07:21,256 p=59693 u=asoldatov n=ansible | PLAY [lb] *************************************************************************************************************************************************************
2024-01-20 21:07:21,261 p=59693 u=asoldatov n=ansible | TASK [Gathering Facts] ************************************************************************************************************************************************
2024-01-20 21:07:24,839 p=59693 u=asoldatov n=ansible | ok: [loadbalancing]
2024-01-20 21:07:24,848 p=59693 u=asoldatov n=ansible | TASK [nginx : Install Nginx] ******************************************************************************************************************************************
2024-01-20 21:07:26,225 p=59693 u=asoldatov n=ansible | ok: [loadbalancing]
2024-01-20 21:07:26,241 p=59693 u=asoldatov n=ansible | PLAY RECAP ************************************************************************************************************************************************************
2024-01-20 21:07:26,241 p=59693 u=asoldatov n=ansible | loadbalancing              : ok=2    changed=0    unreachable=0    failed=0    skipped=0    rescued=0    ignored=0   
2024-01-20 21:16:31,957 p=59946 u=asoldatov n=ansible | ERROR! couldn't resolve module/action 'tamplate'. This often indicates a misspelling, missing collection, or incorrect module path.

The error appears to be in '/Users/asoldatov/ansible/roles/nginx/tasks/main.yml': line 8, column 3, but may
be elsewhere in the file depending on the exact syntax problem.

The offending line appears to be:

    - nginx systemd
- name: Replace nginx.conf
  ^ here

2024-01-20 21:17:17,044 p=59962 u=asoldatov n=ansible | PLAY [lb] *************************************************************************************************************************************************************
2024-01-20 21:17:17,049 p=59962 u=asoldatov n=ansible | TASK [Gathering Facts] ************************************************************************************************************************************************
2024-01-20 21:17:19,694 p=59962 u=asoldatov n=ansible | ok: [loadbalancing]
2024-01-20 21:17:19,703 p=59962 u=asoldatov n=ansible | TASK [nginx : Install Nginx] ******************************************************************************************************************************************
2024-01-20 21:17:21,095 p=59962 u=asoldatov n=ansible | ok: [loadbalancing]
2024-01-20 21:17:21,104 p=59962 u=asoldatov n=ansible | TASK [nginx : Replace nginx.conf] *************************************************************************************************************************************
2024-01-20 21:17:22,893 p=59962 u=asoldatov n=ansible | changed: [loadbalancing]
2024-01-20 21:17:22,912 p=59962 u=asoldatov n=ansible | PLAY RECAP ************************************************************************************************************************************************************
2024-01-20 21:17:22,912 p=59962 u=asoldatov n=ansible | loadbalancing              : ok=3    changed=1    unreachable=0    failed=0    skipped=0    rescued=0    ignored=0   
2024-01-20 21:34:53,651 p=60515 u=asoldatov n=ansible | PLAY [app] ************************************************************************************************************************************************************
2024-01-20 21:34:53,656 p=60515 u=asoldatov n=ansible | TASK [Gathering Facts] ************************************************************************************************************************************************
2024-01-20 21:34:56,555 p=60515 u=asoldatov n=ansible | ok: [app1]
2024-01-20 21:34:56,714 p=60515 u=asoldatov n=ansible | ok: [app2]
2024-01-20 21:34:56,727 p=60515 u=asoldatov n=ansible | TASK [application : Install Apache] ***********************************************************************************************************************************
2024-01-20 21:35:24,720 p=60515 u=asoldatov n=ansible | changed: [app1]
2024-01-20 21:35:26,111 p=60515 u=asoldatov n=ansible | changed: [app2]
2024-01-20 21:35:26,124 p=60515 u=asoldatov n=ansible | TASK [application : Start Apache] *************************************************************************************************************************************
2024-01-20 21:35:27,634 p=60515 u=asoldatov n=ansible | ok: [app1]
2024-01-20 21:35:27,643 p=60515 u=asoldatov n=ansible | ok: [app2]
2024-01-20 21:35:27,667 p=60515 u=asoldatov n=ansible | PLAY RECAP ************************************************************************************************************************************************************
2024-01-20 21:35:27,667 p=60515 u=asoldatov n=ansible | app1                       : ok=3    changed=1    unreachable=0    failed=0    skipped=0    rescued=0    ignored=0   
2024-01-20 21:35:27,667 p=60515 u=asoldatov n=ansible | app2                       : ok=3    changed=1    unreachable=0    failed=0    skipped=0    rescued=0    ignored=0   
2024-01-20 21:47:50,831 p=60913 u=asoldatov n=ansible | PLAY [lb] *************************************************************************************************************************************************************
2024-01-20 21:47:50,836 p=60913 u=asoldatov n=ansible | TASK [Gathering Facts] ************************************************************************************************************************************************
2024-01-20 21:47:53,332 p=60913 u=asoldatov n=ansible | ok: [loadbalancing]
2024-01-20 21:47:53,339 p=60913 u=asoldatov n=ansible | TASK [nginx : Install Nginx] ******************************************************************************************************************************************
2024-01-20 21:47:54,758 p=60913 u=asoldatov n=ansible | ok: [loadbalancing]
2024-01-20 21:47:54,765 p=60913 u=asoldatov n=ansible | TASK [nginx : Replace nginx.conf] *************************************************************************************************************************************
2024-01-20 21:47:56,559 p=60913 u=asoldatov n=ansible | changed: [loadbalancing]
2024-01-20 21:47:56,577 p=60913 u=asoldatov n=ansible | PLAY RECAP ************************************************************************************************************************************************************
2024-01-20 21:47:56,577 p=60913 u=asoldatov n=ansible | loadbalancing              : ok=3    changed=1    unreachable=0    failed=0    skipped=0    rescued=0    ignored=0   
2024-01-20 21:51:38,321 p=61056 u=asoldatov n=ansible | PLAY [app] ************************************************************************************************************************************************************
2024-01-20 21:51:38,326 p=61056 u=asoldatov n=ansible | TASK [Gathering Facts] ************************************************************************************************************************************************
2024-01-20 21:51:41,908 p=61056 u=asoldatov n=ansible | ok: [app1]
2024-01-20 21:51:42,919 p=61056 u=asoldatov n=ansible | ok: [app2]
2024-01-20 21:51:42,933 p=61056 u=asoldatov n=ansible | TASK [application : Install Apache] ***********************************************************************************************************************************
2024-01-20 21:51:44,649 p=61056 u=asoldatov n=ansible | ok: [app2]
2024-01-20 21:51:44,724 p=61056 u=asoldatov n=ansible | ok: [app1]
2024-01-20 21:51:44,732 p=61056 u=asoldatov n=ansible | TASK [application : Start Apache] *************************************************************************************************************************************
2024-01-20 21:51:46,202 p=61056 u=asoldatov n=ansible | ok: [app2]
2024-01-20 21:51:46,464 p=61056 u=asoldatov n=ansible | ok: [app1]
2024-01-20 21:51:46,472 p=61056 u=asoldatov n=ansible | TASK [application : Copy your index file] *****************************************************************************************************************************
2024-01-20 21:51:48,436 p=61056 u=asoldatov n=ansible | changed: [app1]
2024-01-20 21:51:48,453 p=61056 u=asoldatov n=ansible | changed: [app2]
2024-01-20 21:51:48,479 p=61056 u=asoldatov n=ansible | PLAY RECAP ************************************************************************************************************************************************************
2024-01-20 21:51:48,480 p=61056 u=asoldatov n=ansible | app1                       : ok=4    changed=1    unreachable=0    failed=0    skipped=0    rescued=0    ignored=0   
2024-01-20 21:51:48,480 p=61056 u=asoldatov n=ansible | app2                       : ok=4    changed=1    unreachable=0    failed=0    skipped=0    rescued=0    ignored=0   
2024-01-20 21:53:41,279 p=61215 u=asoldatov n=ansible | PLAY [lb] *************************************************************************************************************************************************************
2024-01-20 21:53:41,284 p=61215 u=asoldatov n=ansible | TASK [Gathering Facts] ************************************************************************************************************************************************
2024-01-20 21:53:44,480 p=61215 u=asoldatov n=ansible | ok: [loadbalancing]
2024-01-20 21:53:44,487 p=61215 u=asoldatov n=ansible | TASK [nginx : Install Nginx] ******************************************************************************************************************************************
2024-01-20 21:53:46,296 p=61215 u=asoldatov n=ansible | ok: [loadbalancing]
2024-01-20 21:53:46,302 p=61215 u=asoldatov n=ansible | TASK [nginx : Replace nginx.conf] *************************************************************************************************************************************
2024-01-20 21:53:48,584 p=61215 u=asoldatov n=ansible | changed: [loadbalancing]
2024-01-20 21:53:48,597 p=61215 u=asoldatov n=ansible | PLAY RECAP ************************************************************************************************************************************************************
2024-01-20 21:53:48,597 p=61215 u=asoldatov n=ansible | loadbalancing              : ok=3    changed=1    unreachable=0    failed=0    skipped=0    rescued=0    ignored=0   
2024-01-20 21:55:21,280 p=61347 u=asoldatov n=ansible | PLAY [lb] *************************************************************************************************************************************************************
2024-01-20 21:55:21,285 p=61347 u=asoldatov n=ansible | TASK [Gathering Facts] ************************************************************************************************************************************************
2024-01-20 21:55:24,135 p=61347 u=asoldatov n=ansible | ok: [loadbalancing]
2024-01-20 21:55:24,146 p=61347 u=asoldatov n=ansible | TASK [nginx : Install Nginx] ******************************************************************************************************************************************
2024-01-20 21:55:25,737 p=61347 u=asoldatov n=ansible | ok: [loadbalancing]
2024-01-20 21:55:25,745 p=61347 u=asoldatov n=ansible | TASK [nginx : Replace nginx.conf] *************************************************************************************************************************************
2024-01-20 21:55:27,464 p=61347 u=asoldatov n=ansible | changed: [loadbalancing]
2024-01-20 21:55:27,482 p=61347 u=asoldatov n=ansible | PLAY RECAP ************************************************************************************************************************************************************
2024-01-20 21:55:27,482 p=61347 u=asoldatov n=ansible | loadbalancing              : ok=3    changed=1    unreachable=0    failed=0    skipped=0    rescued=0    ignored=0   
2024-01-20 21:57:07,540 p=61434 u=asoldatov n=ansible | PLAY [lb] *************************************************************************************************************************************************************
2024-01-20 21:57:07,547 p=61434 u=asoldatov n=ansible | TASK [Gathering Facts] ************************************************************************************************************************************************
2024-01-20 21:57:10,105 p=61434 u=asoldatov n=ansible | ok: [loadbalancing]
2024-01-20 21:57:10,111 p=61434 u=asoldatov n=ansible | TASK [nginx : Install Nginx] ******************************************************************************************************************************************
2024-01-20 21:57:11,519 p=61434 u=asoldatov n=ansible | ok: [loadbalancing]
2024-01-20 21:57:11,527 p=61434 u=asoldatov n=ansible | TASK [nginx : Replace nginx.conf] *************************************************************************************************************************************
2024-01-20 21:57:13,245 p=61434 u=asoldatov n=ansible | changed: [loadbalancing]
2024-01-20 21:57:13,262 p=61434 u=asoldatov n=ansible | PLAY RECAP ************************************************************************************************************************************************************
2024-01-20 21:57:13,262 p=61434 u=asoldatov n=ansible | loadbalancing              : ok=3    changed=1    unreachable=0    failed=0    skipped=0    rescued=0    ignored=0   
2024-01-20 22:01:15,810 p=61598 u=asoldatov n=ansible | PLAY [lb] *************************************************************************************************************************************************************
2024-01-20 22:01:15,815 p=61598 u=asoldatov n=ansible | TASK [Gathering Facts] ************************************************************************************************************************************************
2024-01-20 22:01:18,616 p=61598 u=asoldatov n=ansible | ok: [loadbalancing]
2024-01-20 22:01:18,625 p=61598 u=asoldatov n=ansible | TASK [nginx : Install Nginx] ******************************************************************************************************************************************
2024-01-20 22:01:20,159 p=61598 u=asoldatov n=ansible | ok: [loadbalancing]
2024-01-20 22:01:20,162 p=61598 u=asoldatov n=ansible | TASK [nginx : Replace nginx.conf] *************************************************************************************************************************************
2024-01-20 22:01:21,974 p=61598 u=asoldatov n=ansible | changed: [loadbalancing]
2024-01-20 22:01:21,991 p=61598 u=asoldatov n=ansible | PLAY RECAP ************************************************************************************************************************************************************
2024-01-20 22:01:21,991 p=61598 u=asoldatov n=ansible | loadbalancing              : ok=3    changed=1    unreachable=0    failed=0    skipped=0    rescued=0    ignored=0   
2024-01-20 22:14:39,969 p=62026 u=asoldatov n=ansible | PLAY [lb] *************************************************************************************************************************************************************
2024-01-20 22:14:39,974 p=62026 u=asoldatov n=ansible | TASK [Gathering Facts] ************************************************************************************************************************************************
2024-01-20 22:14:42,439 p=62026 u=asoldatov n=ansible | ok: [loadbalancing]
2024-01-20 22:14:42,447 p=62026 u=asoldatov n=ansible | TASK [nginx : Install Nginx] ******************************************************************************************************************************************
2024-01-20 22:14:43,834 p=62026 u=asoldatov n=ansible | ok: [loadbalancing]
2024-01-20 22:14:43,843 p=62026 u=asoldatov n=ansible | TASK [nginx : Replace nginx.conf] *************************************************************************************************************************************
2024-01-20 22:14:45,657 p=62026 u=asoldatov n=ansible | changed: [loadbalancing]
2024-01-20 22:14:45,673 p=62026 u=asoldatov n=ansible | PLAY RECAP ************************************************************************************************************************************************************
2024-01-20 22:14:45,674 p=62026 u=asoldatov n=ansible | loadbalancing              : ok=3    changed=1    unreachable=0    failed=0    skipped=0    rescued=0    ignored=0   
2024-01-20 22:17:09,791 p=62120 u=asoldatov n=ansible | PLAY [lb] *************************************************************************************************************************************************************
2024-01-20 22:17:09,796 p=62120 u=asoldatov n=ansible | TASK [Gathering Facts] ************************************************************************************************************************************************
2024-01-20 22:17:12,378 p=62120 u=asoldatov n=ansible | ok: [loadbalancing]
2024-01-20 22:17:12,390 p=62120 u=asoldatov n=ansible | TASK [nginx : Install Nginx] ******************************************************************************************************************************************
2024-01-20 22:17:13,884 p=62120 u=asoldatov n=ansible | ok: [loadbalancing]
2024-01-20 22:17:13,895 p=62120 u=asoldatov n=ansible | TASK [nginx : Replace nginx.conf] *************************************************************************************************************************************
2024-01-20 22:17:15,418 p=62120 u=asoldatov n=ansible | ok: [loadbalancing]
2024-01-20 22:17:15,439 p=62120 u=asoldatov n=ansible | PLAY RECAP ************************************************************************************************************************************************************
2024-01-20 22:17:15,439 p=62120 u=asoldatov n=ansible | loadbalancing              : ok=3    changed=0    unreachable=0    failed=0    skipped=0    rescued=0    ignored=0   
2024-01-20 22:17:45,462 p=62172 u=asoldatov n=ansible | PLAY [lb] *************************************************************************************************************************************************************
2024-01-20 22:17:45,467 p=62172 u=asoldatov n=ansible | TASK [Gathering Facts] ************************************************************************************************************************************************
2024-01-20 22:17:47,384 p=62172 u=asoldatov n=ansible | ok: [loadbalancing]
2024-01-20 22:17:47,393 p=62172 u=asoldatov n=ansible | TASK [nginx : Install Nginx] ******************************************************************************************************************************************
2024-01-20 22:17:48,798 p=62172 u=asoldatov n=ansible | ok: [loadbalancing]
2024-01-20 22:17:48,805 p=62172 u=asoldatov n=ansible | TASK [nginx : Replace nginx.conf] *************************************************************************************************************************************
2024-01-20 22:17:50,322 p=62172 u=asoldatov n=ansible | ok: [loadbalancing]
2024-01-20 22:17:50,340 p=62172 u=asoldatov n=ansible | PLAY RECAP ************************************************************************************************************************************************************
2024-01-20 22:17:50,341 p=62172 u=asoldatov n=ansible | loadbalancing              : ok=3    changed=0    unreachable=0    failed=0    skipped=0    rescued=0    ignored=0   
2024-01-20 22:20:21,542 p=62276 u=asoldatov n=ansible | PLAY [lb] *************************************************************************************************************************************************************
2024-01-20 22:20:21,547 p=62276 u=asoldatov n=ansible | TASK [Gathering Facts] ************************************************************************************************************************************************
2024-01-20 22:20:24,505 p=62276 u=asoldatov n=ansible | ok: [loadbalancing]
2024-01-20 22:20:24,515 p=62276 u=asoldatov n=ansible | TASK [nginx : Install Nginx] ******************************************************************************************************************************************
2024-01-20 22:20:29,111 p=62276 u=asoldatov n=ansible | changed: [loadbalancing]
2024-01-20 22:20:29,117 p=62276 u=asoldatov n=ansible | TASK [nginx : Replace nginx.conf] *************************************************************************************************************************************
2024-01-20 22:20:31,595 p=62276 u=asoldatov n=ansible | ok: [loadbalancing]
2024-01-20 22:20:31,610 p=62276 u=asoldatov n=ansible | RUNNING HANDLER [nginx : nginx systemd] *******************************************************************************************************************************
2024-01-20 22:20:32,992 p=62276 u=asoldatov n=ansible | fatal: [loadbalancing]: FAILED! => {"changed": false, "msg": "Unable to start service nginx: Job for nginx.service failed because the control process exited with error code.\nSee \"systemctl status nginx.service\" and \"journalctl -xeu nginx.service\" for details.\n"}
2024-01-20 22:20:32,993 p=62276 u=asoldatov n=ansible | PLAY RECAP ************************************************************************************************************************************************************
2024-01-20 22:20:32,993 p=62276 u=asoldatov n=ansible | loadbalancing              : ok=3    changed=1    unreachable=0    failed=1    skipped=0    rescued=0    ignored=0   
2024-01-20 22:24:34,784 p=62437 u=asoldatov n=ansible | PLAY [lb] *************************************************************************************************************************************************************
2024-01-20 22:24:34,790 p=62437 u=asoldatov n=ansible | TASK [Gathering Facts] ************************************************************************************************************************************************
2024-01-20 22:24:37,370 p=62437 u=asoldatov n=ansible | ok: [loadbalancing]
2024-01-20 22:24:37,378 p=62437 u=asoldatov n=ansible | TASK [nginx : Install Nginx] ******************************************************************************************************************************************
2024-01-20 22:24:38,831 p=62437 u=asoldatov n=ansible | ok: [loadbalancing]
2024-01-20 22:24:38,839 p=62437 u=asoldatov n=ansible | TASK [nginx : Replace nginx.conf] *************************************************************************************************************************************
2024-01-20 22:24:40,591 p=62437 u=asoldatov n=ansible | changed: [loadbalancing]
2024-01-20 22:24:40,609 p=62437 u=asoldatov n=ansible | PLAY RECAP ************************************************************************************************************************************************************
2024-01-20 22:24:40,609 p=62437 u=asoldatov n=ansible | loadbalancing              : ok=3    changed=1    unreachable=0    failed=0    skipped=0    rescued=0    ignored=0   
2024-01-20 22:25:55,070 p=62526 u=asoldatov n=ansible | PLAY [lb] *************************************************************************************************************************************************************
2024-01-20 22:25:55,076 p=62526 u=asoldatov n=ansible | TASK [Gathering Facts] ************************************************************************************************************************************************
2024-01-20 22:25:57,668 p=62526 u=asoldatov n=ansible | ok: [loadbalancing]
2024-01-20 22:25:57,675 p=62526 u=asoldatov n=ansible | TASK [nginx : Install Nginx] ******************************************************************************************************************************************
2024-01-20 22:25:59,105 p=62526 u=asoldatov n=ansible | ok: [loadbalancing]
2024-01-20 22:25:59,112 p=62526 u=asoldatov n=ansible | TASK [nginx : Replace nginx.conf] *************************************************************************************************************************************
2024-01-20 22:26:00,834 p=62526 u=asoldatov n=ansible | changed: [loadbalancing]
2024-01-20 22:26:00,851 p=62526 u=asoldatov n=ansible | PLAY RECAP ************************************************************************************************************************************************************
2024-01-20 22:26:00,851 p=62526 u=asoldatov n=ansible | loadbalancing              : ok=3    changed=1    unreachable=0    failed=0    skipped=0    rescued=0    ignored=0   
2024-01-20 22:29:04,940 p=62645 u=asoldatov n=ansible | PLAY [lb] *************************************************************************************************************************************************************
2024-01-20 22:29:04,946 p=62645 u=asoldatov n=ansible | TASK [Gathering Facts] ************************************************************************************************************************************************
2024-01-20 22:29:07,374 p=62645 u=asoldatov n=ansible | ok: [loadbalancing]
2024-01-20 22:29:07,383 p=62645 u=asoldatov n=ansible | TASK [nginx : Install Nginx] ******************************************************************************************************************************************
2024-01-20 22:29:08,762 p=62645 u=asoldatov n=ansible | ok: [loadbalancing]
2024-01-20 22:29:08,769 p=62645 u=asoldatov n=ansible | TASK [nginx : Replace nginx.conf] *************************************************************************************************************************************
2024-01-20 22:29:10,569 p=62645 u=asoldatov n=ansible | changed: [loadbalancing]
2024-01-20 22:29:10,587 p=62645 u=asoldatov n=ansible | PLAY RECAP ************************************************************************************************************************************************************
2024-01-20 22:29:10,587 p=62645 u=asoldatov n=ansible | loadbalancing              : ok=3    changed=1    unreachable=0    failed=0    skipped=0    rescued=0    ignored=0   
2024-01-20 22:35:18,832 p=62854 u=asoldatov n=ansible | PLAY [lb] *************************************************************************************************************************************************************
2024-01-20 22:35:18,838 p=62854 u=asoldatov n=ansible | TASK [Gathering Facts] ************************************************************************************************************************************************
2024-01-20 22:35:21,397 p=62854 u=asoldatov n=ansible | ok: [loadbalancing]
2024-01-20 22:35:21,405 p=62854 u=asoldatov n=ansible | TASK [nginx : Install Nginx] ******************************************************************************************************************************************
2024-01-20 22:35:22,825 p=62854 u=asoldatov n=ansible | ok: [loadbalancing]
2024-01-20 22:35:22,830 p=62854 u=asoldatov n=ansible | TASK [nginx : Replace nginx.conf] *************************************************************************************************************************************
2024-01-20 22:35:24,576 p=62854 u=asoldatov n=ansible | changed: [loadbalancing]
2024-01-20 22:35:24,594 p=62854 u=asoldatov n=ansible | PLAY RECAP ************************************************************************************************************************************************************
2024-01-20 22:35:24,594 p=62854 u=asoldatov n=ansible | loadbalancing              : ok=3    changed=1    unreachable=0    failed=0    skipped=0    rescued=0    ignored=0   
2024-01-20 22:38:16,411 p=62971 u=asoldatov n=ansible | PLAY [lb] *************************************************************************************************************************************************************
2024-01-20 22:38:16,416 p=62971 u=asoldatov n=ansible | TASK [Gathering Facts] ************************************************************************************************************************************************
2024-01-20 22:38:20,488 p=62971 u=asoldatov n=ansible | ok: [loadbalancing]
2024-01-20 22:38:20,498 p=62971 u=asoldatov n=ansible | TASK [nginx : Install Nginx] ******************************************************************************************************************************************
2024-01-20 22:38:22,569 p=62971 u=asoldatov n=ansible | ok: [loadbalancing]
2024-01-20 22:38:22,577 p=62971 u=asoldatov n=ansible | TASK [nginx : Replace nginx.conf] *************************************************************************************************************************************
2024-01-20 22:38:24,972 p=62971 u=asoldatov n=ansible | changed: [loadbalancing]
2024-01-20 22:38:24,990 p=62971 u=asoldatov n=ansible | PLAY RECAP ************************************************************************************************************************************************************
2024-01-20 22:38:24,990 p=62971 u=asoldatov n=ansible | loadbalancing              : ok=3    changed=1    unreachable=0    failed=0    skipped=0    rescued=0    ignored=0   
2024-01-20 22:40:31,297 p=63095 u=asoldatov n=ansible | PLAY [lb] *************************************************************************************************************************************************************
2024-01-20 22:40:31,302 p=63095 u=asoldatov n=ansible | TASK [Gathering Facts] ************************************************************************************************************************************************
2024-01-20 22:40:33,929 p=63095 u=asoldatov n=ansible | ok: [loadbalancing]
2024-01-20 22:40:33,938 p=63095 u=asoldatov n=ansible | TASK [nginx : Install Nginx] ******************************************************************************************************************************************
2024-01-20 22:40:35,251 p=63095 u=asoldatov n=ansible | ok: [loadbalancing]
2024-01-20 22:40:35,259 p=63095 u=asoldatov n=ansible | TASK [nginx : Replace nginx.conf] *************************************************************************************************************************************
2024-01-20 22:40:36,973 p=63095 u=asoldatov n=ansible | changed: [loadbalancing]
2024-01-20 22:40:36,985 p=63095 u=asoldatov n=ansible | PLAY RECAP ************************************************************************************************************************************************************
2024-01-20 22:40:36,985 p=63095 u=asoldatov n=ansible | loadbalancing              : ok=3    changed=1    unreachable=0    failed=0    skipped=0    rescued=0    ignored=0   
2024-01-20 22:41:28,130 p=63162 u=asoldatov n=ansible | PLAY [lb] *************************************************************************************************************************************************************
2024-01-20 22:41:28,135 p=63162 u=asoldatov n=ansible | TASK [Gathering Facts] ************************************************************************************************************************************************
2024-01-20 22:41:30,038 p=63162 u=asoldatov n=ansible | ok: [loadbalancing]
2024-01-20 22:41:30,045 p=63162 u=asoldatov n=ansible | TASK [nginx : Install Nginx] ******************************************************************************************************************************************
2024-01-20 22:41:31,483 p=63162 u=asoldatov n=ansible | ok: [loadbalancing]
2024-01-20 22:41:31,486 p=63162 u=asoldatov n=ansible | TASK [nginx : Replace nginx.conf] *************************************************************************************************************************************
2024-01-20 22:41:33,185 p=63162 u=asoldatov n=ansible | changed: [loadbalancing]
2024-01-20 22:41:33,195 p=63162 u=asoldatov n=ansible | PLAY RECAP ************************************************************************************************************************************************************
2024-01-20 22:41:33,195 p=63162 u=asoldatov n=ansible | loadbalancing              : ok=3    changed=1    unreachable=0    failed=0    skipped=0    rescued=0    ignored=0   
